<?xml version="1.0" encoding="UTF-8"?>
<!-- Generated by org.testng.reporters.JUnitXMLReporter -->
<testsuite ignored="0" hostname="SIDDIQUE" failures="0" tests="3" name="Default test" time="20.648" errors="0" timestamp="2025-05-13T00:16:51 IST">
  <testcase classname="Test_TestNG.Method_testNg" name="test" time="5.726"/>
  <testcase classname="Test_TestNG.Method_testNg" name="test02" time="0.003"/>
  <testcase classname="Test_TestNG.Method_testNg" name="test03" time="0.003"/>
</testsuite> <!-- Default test -->
