<?xml version="1.0" encoding="UTF-8"?>
<testng-results ignored="0" total="3" passed="3" failed="0" skipped="0">
  <reporter-output>
  </reporter-output>
  <suite started-at="2025-05-13T00:16:30 IST" name="Default suite" finished-at="2025-05-13T00:16:51 IST" duration-ms="20648">
    <groups>
    </groups>
    <test started-at="2025-05-13T00:16:30 IST" name="Default test" finished-at="2025-05-13T00:16:51 IST" duration-ms="20648">
      <class name="Test_TestNG.Method_testNg">
        <test-method is-config="true" signature="beforeSuit()[pri:0, instance:Test_TestNG.Method_testNg@24aed80c]" started-at="2025-05-13T00:16:30 IST" name="beforeSuit" finished-at="2025-05-13T00:16:30 IST" duration-ms="17" status="PASS">
          <reporter-output>
          </reporter-output>
        </test-method> <!-- beforeSuit -->
        <test-method is-config="true" signature="BeforeClass()[pri:0, instance:Test_TestNG.Method_testNg@24aed80c]" started-at="2025-05-13T00:16:30 IST" name="BeforeClass" finished-at="2025-05-13T00:16:34 IST" duration-ms="3644" status="PASS">
          <reporter-output>
          </reporter-output>
        </test-method> <!-- BeforeClass -->
        <test-method is-config="true" signature="beforeMethod()[pri:0, instance:Test_TestNG.Method_testNg@24aed80c]" started-at="2025-05-13T00:16:34 IST" name="beforeMethod" finished-at="2025-05-13T00:16:34 IST" duration-ms="418" status="PASS">
          <reporter-output>
          </reporter-output>
        </test-method> <!-- beforeMethod -->
        <test-method signature="test()[pri:0, instance:Test_TestNG.Method_testNg@24aed80c]" started-at="2025-05-13T00:16:34 IST" name="test" finished-at="2025-05-13T00:16:40 IST" duration-ms="5726" status="PASS">
          <reporter-output>
          </reporter-output>
        </test-method> <!-- test -->
        <test-method is-config="true" signature="AfterMethod()[pri:0, instance:Test_TestNG.Method_testNg@24aed80c]" started-at="2025-05-13T00:16:40 IST" name="AfterMethod" finished-at="2025-05-13T00:16:41 IST" duration-ms="1314" status="PASS">
          <reporter-output>
          </reporter-output>
        </test-method> <!-- AfterMethod -->
        <test-method is-config="true" signature="beforeMethod()[pri:0, instance:Test_TestNG.Method_testNg@24aed80c]" started-at="2025-05-13T00:16:41 IST" name="beforeMethod" finished-at="2025-05-13T00:16:42 IST" duration-ms="381" status="PASS">
          <reporter-output>
          </reporter-output>
        </test-method> <!-- beforeMethod -->
        <test-method signature="test02()[pri:0, instance:Test_TestNG.Method_testNg@24aed80c]" started-at="2025-05-13T00:16:42 IST" name="test02" finished-at="2025-05-13T00:16:42 IST" duration-ms="3" status="PASS">
          <reporter-output>
          </reporter-output>
        </test-method> <!-- test02 -->
        <test-method is-config="true" signature="AfterMethod()[pri:0, instance:Test_TestNG.Method_testNg@24aed80c]" started-at="2025-05-13T00:16:42 IST" name="AfterMethod" finished-at="2025-05-13T00:16:46 IST" duration-ms="3884" status="PASS">
          <reporter-output>
          </reporter-output>
        </test-method> <!-- AfterMethod -->
        <test-method is-config="true" signature="beforeMethod()[pri:0, instance:Test_TestNG.Method_testNg@24aed80c]" started-at="2025-05-13T00:16:46 IST" name="beforeMethod" finished-at="2025-05-13T00:16:46 IST" duration-ms="379" status="PASS">
          <reporter-output>
          </reporter-output>
        </test-method> <!-- beforeMethod -->
        <test-method signature="test03()[pri:0, instance:Test_TestNG.Method_testNg@24aed80c]" started-at="2025-05-13T00:16:46 IST" name="test03" finished-at="2025-05-13T00:16:46 IST" duration-ms="3" status="PASS">
          <reporter-output>
          </reporter-output>
        </test-method> <!-- test03 -->
        <test-method is-config="true" signature="AfterMethod()[pri:0, instance:Test_TestNG.Method_testNg@24aed80c]" started-at="2025-05-13T00:16:46 IST" name="AfterMethod" finished-at="2025-05-13T00:16:50 IST" duration-ms="4218" status="PASS">
          <reporter-output>
          </reporter-output>
        </test-method> <!-- AfterMethod -->
        <test-method is-config="true" signature="AfterClass()[pri:0, instance:Test_TestNG.Method_testNg@24aed80c]" started-at="2025-05-13T00:16:50 IST" name="AfterClass" finished-at="2025-05-13T00:16:51 IST" duration-ms="556" status="PASS">
          <reporter-output>
          </reporter-output>
        </test-method> <!-- AfterClass -->
        <test-method is-config="true" signature="AfterSuite()[pri:0, instance:Test_TestNG.Method_testNg@24aed80c]" started-at="2025-05-13T00:16:51 IST" name="AfterSuite" finished-at="2025-05-13T00:16:51 IST" duration-ms="1" status="PASS">
          <reporter-output>
          </reporter-output>
        </test-method> <!-- AfterSuite -->
      </class> <!-- Test_TestNG.Method_testNg -->
    </test> <!-- Default test -->
  </suite> <!-- Default suite -->
</testng-results>
